[2022-11-20T00:44:43.279+0000] {taskinstance.py:1165} INFO - Dependencies all met for <TaskInstance: Call_Center_ETL_DAG.Drop_Tables manual__2022-11-20T00:44:38.455644+00:00 [queued]>
[2022-11-20T00:44:43.585+0000] {taskinstance.py:1165} INFO - Dependencies all met for <TaskInstance: Call_Center_ETL_DAG.Drop_Tables manual__2022-11-20T00:44:38.455644+00:00 [queued]>
[2022-11-20T00:44:43.621+0000] {taskinstance.py:1362} INFO - 
--------------------------------------------------------------------------------
[2022-11-20T00:44:43.633+0000] {taskinstance.py:1363} INFO - Starting attempt 1 of 1
[2022-11-20T00:44:43.635+0000] {taskinstance.py:1364} INFO - 
--------------------------------------------------------------------------------
[2022-11-20T00:44:43.929+0000] {taskinstance.py:1383} INFO - Executing <Task(MySqlOperator): Drop_Tables> on 2022-11-20 00:44:38.455644+00:00
[2022-11-20T00:44:44.006+0000] {standard_task_runner.py:55} INFO - Started process 3520 to run task
[2022-11-20T00:44:44.021+0000] {standard_task_runner.py:82} INFO - Running: ['***', 'tasks', 'run', 'Call_Center_ETL_DAG', 'Drop_Tables', 'manual__2022-11-20T00:44:38.455644+00:00', '--job-id', '137', '--raw', '--subdir', 'DAGS_FOLDER/call_center_dag.py', '--cfg-path', '/tmp/tmpdss0pr9f']
[2022-11-20T00:44:44.028+0000] {standard_task_runner.py:83} INFO - Job 137: Subtask Drop_Tables
[2022-11-20T00:44:44.244+0000] {task_command.py:376} INFO - Running <TaskInstance: Call_Center_ETL_DAG.Drop_Tables manual__2022-11-20T00:44:38.455644+00:00 [running]> on host 9eba6bc17a61
[2022-11-20T00:44:45.130+0000] {taskinstance.py:1592} INFO - Exporting the following env vars:
AIRFLOW_CTX_DAG_OWNER=Abdelrhman Yassein
AIRFLOW_CTX_DAG_ID=Call_Center_ETL_DAG
AIRFLOW_CTX_TASK_ID=Drop_Tables
AIRFLOW_CTX_EXECUTION_DATE=2022-11-20T00:44:38.455644+00:00
AIRFLOW_CTX_TRY_NUMBER=1
AIRFLOW_CTX_DAG_RUN_ID=manual__2022-11-20T00:44:38.455644+00:00
[2022-11-20T00:44:45.196+0000] {mysql.py:84} INFO - Executing: 
    DROP TABLE IF EXISTS staging_call;
    DROP TABLE IF EXISTS call_info;
    DROP TABLE IF EXISTS call_fact;
    DROP TABLE IF EXISTS customers;
    DROP TABLE IF EXISTS call_time;
    
[2022-11-20T00:44:45.383+0000] {base.py:71} INFO - Using connection ID 'mysql_conn_id' for task execution.
[2022-11-20T00:44:45.694+0000] {sql.py:315} INFO - Running statement: 
    DROP TABLE IF EXISTS staging_call;
    DROP TABLE IF EXISTS call_info;
    DROP TABLE IF EXISTS call_fact;
    DROP TABLE IF EXISTS customers;
    DROP TABLE IF EXISTS call_time;
    , parameters: None
[2022-11-20T00:44:46.263+0000] {sql.py:324} INFO - Rows affected: 0
[2022-11-20T00:44:46.697+0000] {taskinstance.py:1406} INFO - Marking task as SUCCESS. dag_id=Call_Center_ETL_DAG, task_id=Drop_Tables, execution_date=20221120T004438, start_date=20221120T004443, end_date=20221120T004446
[2022-11-20T00:44:46.815+0000] {local_task_job.py:159} INFO - Task exited with return code 0
[2022-11-20T00:44:46.962+0000] {taskinstance.py:2623} INFO - 1 downstream tasks scheduled from follow-on schedule check
