[2022-11-19T00:43:24.168+0000] {taskinstance.py:1165} INFO - Dependencies all met for <TaskInstance: Call_Center_ETL_DAG.Drop_Tables manual__2022-11-19T00:43:17.448121+00:00 [queued]>
[2022-11-19T00:43:24.300+0000] {taskinstance.py:1165} INFO - Dependencies all met for <TaskInstance: Call_Center_ETL_DAG.Drop_Tables manual__2022-11-19T00:43:17.448121+00:00 [queued]>
[2022-11-19T00:43:24.320+0000] {taskinstance.py:1362} INFO - 
--------------------------------------------------------------------------------
[2022-11-19T00:43:24.326+0000] {taskinstance.py:1363} INFO - Starting attempt 1 of 1
[2022-11-19T00:43:24.343+0000] {taskinstance.py:1364} INFO - 
--------------------------------------------------------------------------------
[2022-11-19T00:43:24.817+0000] {taskinstance.py:1383} INFO - Executing <Task(MySqlOperator): Drop_Tables> on 2022-11-19 00:43:17.448121+00:00
[2022-11-19T00:43:24.896+0000] {standard_task_runner.py:55} INFO - Started process 3624 to run task
[2022-11-19T00:43:24.982+0000] {standard_task_runner.py:82} INFO - Running: ['***', 'tasks', 'run', 'Call_Center_ETL_DAG', 'Drop_Tables', 'manual__2022-11-19T00:43:17.448121+00:00', '--job-id', '65', '--raw', '--subdir', 'DAGS_FOLDER/create_database_tables.py', '--cfg-path', '/tmp/tmp0ws11nqw']
[2022-11-19T00:43:24.994+0000] {standard_task_runner.py:83} INFO - Job 65: Subtask Drop_Tables
[2022-11-19T00:43:26.177+0000] {task_command.py:376} INFO - Running <TaskInstance: Call_Center_ETL_DAG.Drop_Tables manual__2022-11-19T00:43:17.448121+00:00 [running]> on host b6a63ce50866
[2022-11-19T00:43:26.804+0000] {taskinstance.py:1592} INFO - Exporting the following env vars:
AIRFLOW_CTX_DAG_OWNER=Abdelrhman Yassein
AIRFLOW_CTX_DAG_ID=Call_Center_ETL_DAG
AIRFLOW_CTX_TASK_ID=Drop_Tables
AIRFLOW_CTX_EXECUTION_DATE=2022-11-19T00:43:17.448121+00:00
AIRFLOW_CTX_TRY_NUMBER=1
AIRFLOW_CTX_DAG_RUN_ID=manual__2022-11-19T00:43:17.448121+00:00
[2022-11-19T00:43:26.805+0000] {mysql.py:84} INFO - Executing: 
    DROP TABLE IF EXISTS staging_call;
    DROP TABLE IF EXISTS call_info;
    DROP TABLE IF EXISTS call_fact;
    DROP TABLE IF EXISTS customers;
    DROP TABLE IF EXISTS call_time;
    
[2022-11-19T00:43:26.840+0000] {base.py:71} INFO - Using connection ID 'mysql_conn_id' for task execution.
[2022-11-19T00:43:26.941+0000] {sql.py:315} INFO - Running statement: 
    DROP TABLE IF EXISTS staging_call;
    DROP TABLE IF EXISTS call_info;
    DROP TABLE IF EXISTS call_fact;
    DROP TABLE IF EXISTS customers;
    DROP TABLE IF EXISTS call_time;
    , parameters: None
[2022-11-19T00:43:27.101+0000] {sql.py:324} INFO - Rows affected: 0
[2022-11-19T00:43:27.245+0000] {taskinstance.py:1406} INFO - Marking task as SUCCESS. dag_id=Call_Center_ETL_DAG, task_id=Drop_Tables, execution_date=20221119T004317, start_date=20221119T004324, end_date=20221119T004327
[2022-11-19T00:43:27.497+0000] {local_task_job.py:159} INFO - Task exited with return code 0
[2022-11-19T00:43:28.028+0000] {taskinstance.py:2623} INFO - 1 downstream tasks scheduled from follow-on schedule check
