[2022-11-20T13:12:29.872+0000] {taskinstance.py:1165} INFO - Dependencies all met for <TaskInstance: Call_Center_ETL_DAG.insert_call_info_data manual__2022-11-20T13:11:29.360405+00:00 [queued]>
[2022-11-20T13:12:30.118+0000] {taskinstance.py:1165} INFO - Dependencies all met for <TaskInstance: Call_Center_ETL_DAG.insert_call_info_data manual__2022-11-20T13:11:29.360405+00:00 [queued]>
[2022-11-20T13:12:30.138+0000] {taskinstance.py:1362} INFO - 
--------------------------------------------------------------------------------
[2022-11-20T13:12:30.140+0000] {taskinstance.py:1363} INFO - Starting attempt 1 of 1
[2022-11-20T13:12:30.142+0000] {taskinstance.py:1364} INFO - 
--------------------------------------------------------------------------------
[2022-11-20T13:12:30.527+0000] {taskinstance.py:1383} INFO - Executing <Task(MySqlOperator): insert_call_info_data> on 2022-11-20 13:11:29.360405+00:00
[2022-11-20T13:12:30.578+0000] {standard_task_runner.py:55} INFO - Started process 775 to run task
[2022-11-20T13:12:30.640+0000] {standard_task_runner.py:82} INFO - Running: ['***', 'tasks', 'run', 'Call_Center_ETL_DAG', 'insert_call_info_data', 'manual__2022-11-20T13:11:29.360405+00:00', '--job-id', '164', '--raw', '--subdir', 'DAGS_FOLDER/call_center_dag.py', '--cfg-path', '/tmp/tmpsjh62gmx']
[2022-11-20T13:12:30.647+0000] {standard_task_runner.py:83} INFO - Job 164: Subtask insert_call_info_data
[2022-11-20T13:12:31.772+0000] {task_command.py:376} INFO - Running <TaskInstance: Call_Center_ETL_DAG.insert_call_info_data manual__2022-11-20T13:11:29.360405+00:00 [running]> on host 9eba6bc17a61
[2022-11-20T13:12:32.789+0000] {taskinstance.py:1592} INFO - Exporting the following env vars:
AIRFLOW_CTX_DAG_OWNER=Abdelrhman Yassein
AIRFLOW_CTX_DAG_ID=Call_Center_ETL_DAG
AIRFLOW_CTX_TASK_ID=insert_call_info_data
AIRFLOW_CTX_EXECUTION_DATE=2022-11-20T13:11:29.360405+00:00
AIRFLOW_CTX_TRY_NUMBER=1
AIRFLOW_CTX_DAG_RUN_ID=manual__2022-11-20T13:11:29.360405+00:00
[2022-11-20T13:12:32.793+0000] {mysql.py:84} INFO - Executing: 
        INSERT INTO call_info(call_id,reason,channel,call_center,response_time)
        SELECT DISTINCT
            id as call_id,
            reason,
            channel,
            call_center,
            response_time
        FROM 
            staging_call
        WHERE
            id IS NOT NULL;
            
[2022-11-20T13:12:32.937+0000] {base.py:71} INFO - Using connection ID 'mysql_conn_id' for task execution.
[2022-11-20T13:12:33.285+0000] {sql.py:315} INFO - Running statement: 
        INSERT INTO call_info(call_id,reason,channel,call_center,response_time)
        SELECT DISTINCT
            id as call_id,
            reason,
            channel,
            call_center,
            response_time
        FROM 
            staging_call
        WHERE
            id IS NOT NULL;
            , parameters: None
[2022-11-20T13:12:38.221+0000] {sql.py:324} INFO - Rows affected: 32941
[2022-11-20T13:12:38.481+0000] {taskinstance.py:1406} INFO - Marking task as SUCCESS. dag_id=Call_Center_ETL_DAG, task_id=insert_call_info_data, execution_date=20221120T131129, start_date=20221120T131229, end_date=20221120T131238
[2022-11-20T13:12:38.675+0000] {local_task_job.py:159} INFO - Task exited with return code 0
[2022-11-20T13:12:38.769+0000] {taskinstance.py:2623} INFO - 0 downstream tasks scheduled from follow-on schedule check
