[2022-11-19T00:39:06.145+0000] {taskinstance.py:1165} INFO - Dependencies all met for <TaskInstance: Call_Center_ETL_DAG.create_staging_table manual__2022-11-19T00:38:48.669541+00:00 [queued]>
[2022-11-19T00:39:06.253+0000] {taskinstance.py:1165} INFO - Dependencies all met for <TaskInstance: Call_Center_ETL_DAG.create_staging_table manual__2022-11-19T00:38:48.669541+00:00 [queued]>
[2022-11-19T00:39:06.263+0000] {taskinstance.py:1362} INFO - 
--------------------------------------------------------------------------------
[2022-11-19T00:39:06.270+0000] {taskinstance.py:1363} INFO - Starting attempt 1 of 1
[2022-11-19T00:39:06.280+0000] {taskinstance.py:1364} INFO - 
--------------------------------------------------------------------------------
[2022-11-19T00:39:06.411+0000] {taskinstance.py:1383} INFO - Executing <Task(MySqlOperator): create_staging_table> on 2022-11-19 00:38:48.669541+00:00
[2022-11-19T00:39:06.503+0000] {standard_task_runner.py:55} INFO - Started process 3451 to run task
[2022-11-19T00:39:06.506+0000] {standard_task_runner.py:82} INFO - Running: ['***', 'tasks', 'run', 'Call_Center_ETL_DAG', 'create_staging_table', 'manual__2022-11-19T00:38:48.669541+00:00', '--job-id', '58', '--raw', '--subdir', 'DAGS_FOLDER/create_database_tables.py', '--cfg-path', '/tmp/tmplzludomi']
[2022-11-19T00:39:06.553+0000] {standard_task_runner.py:83} INFO - Job 58: Subtask create_staging_table
[2022-11-19T00:39:07.648+0000] {task_command.py:376} INFO - Running <TaskInstance: Call_Center_ETL_DAG.create_staging_table manual__2022-11-19T00:38:48.669541+00:00 [running]> on host b6a63ce50866
[2022-11-19T00:39:08.197+0000] {taskinstance.py:1592} INFO - Exporting the following env vars:
AIRFLOW_CTX_DAG_OWNER=Abdelrhman Yassein
AIRFLOW_CTX_DAG_ID=Call_Center_ETL_DAG
AIRFLOW_CTX_TASK_ID=create_staging_table
AIRFLOW_CTX_EXECUTION_DATE=2022-11-19T00:38:48.669541+00:00
AIRFLOW_CTX_TRY_NUMBER=1
AIRFLOW_CTX_DAG_RUN_ID=manual__2022-11-19T00:38:48.669541+00:00
[2022-11-19T00:39:08.200+0000] {mysql.py:84} INFO - Executing: 
        create table staging_call(
            id              varchar(255),
            customer_name   varchar(255), 
            sentiment       varchar(255),
            csat_score      varchar(255),
            call_timestamp  varchar(255),
            reason          varchar(255),
            city            varchar(255),
            state           varchar(255),
            channel         varchar(255),
            response_time   varchar(255),
            call_minutes    int,
            call_center     varchar(255)
        )
    
[2022-11-19T00:39:08.230+0000] {base.py:71} INFO - Using connection ID 'mysql_conn_id' for task execution.
[2022-11-19T00:39:08.503+0000] {sql.py:315} INFO - Running statement: 
        create table staging_call(
            id              varchar(255),
            customer_name   varchar(255), 
            sentiment       varchar(255),
            csat_score      varchar(255),
            call_timestamp  varchar(255),
            reason          varchar(255),
            city            varchar(255),
            state           varchar(255),
            channel         varchar(255),
            response_time   varchar(255),
            call_minutes    int,
            call_center     varchar(255)
        )
    , parameters: None
[2022-11-19T00:39:08.776+0000] {sql.py:324} INFO - Rows affected: 0
[2022-11-19T00:39:08.832+0000] {taskinstance.py:1406} INFO - Marking task as SUCCESS. dag_id=Call_Center_ETL_DAG, task_id=create_staging_table, execution_date=20221119T003848, start_date=20221119T003906, end_date=20221119T003908
[2022-11-19T00:39:09.036+0000] {local_task_job.py:159} INFO - Task exited with return code 0
[2022-11-19T00:39:09.190+0000] {taskinstance.py:2623} INFO - 1 downstream tasks scheduled from follow-on schedule check
