[2022-11-19T13:28:02.411+0000] {taskinstance.py:1165} INFO - Dependencies all met for <TaskInstance: Call_Center_ETL_DAG.load_data_to_staging_call_table manual__2022-11-19T13:27:36.036599+00:00 [queued]>
[2022-11-19T13:28:02.442+0000] {taskinstance.py:1165} INFO - Dependencies all met for <TaskInstance: Call_Center_ETL_DAG.load_data_to_staging_call_table manual__2022-11-19T13:27:36.036599+00:00 [queued]>
[2022-11-19T13:28:02.443+0000] {taskinstance.py:1362} INFO - 
--------------------------------------------------------------------------------
[2022-11-19T13:28:02.445+0000] {taskinstance.py:1363} INFO - Starting attempt 1 of 1
[2022-11-19T13:28:02.446+0000] {taskinstance.py:1364} INFO - 
--------------------------------------------------------------------------------
[2022-11-19T13:28:02.502+0000] {taskinstance.py:1383} INFO - Executing <Task(MySqlOperator): load_data_to_staging_call_table> on 2022-11-19 13:27:36.036599+00:00
[2022-11-19T13:28:02.524+0000] {standard_task_runner.py:55} INFO - Started process 1228 to run task
[2022-11-19T13:28:02.538+0000] {standard_task_runner.py:82} INFO - Running: ['***', 'tasks', 'run', 'Call_Center_ETL_DAG', 'load_data_to_staging_call_table', 'manual__2022-11-19T13:27:36.036599+00:00', '--job-id', '112', '--raw', '--subdir', 'DAGS_FOLDER/create_database_tables.py', '--cfg-path', '/tmp/tmpljew1vwh']
[2022-11-19T13:28:02.541+0000] {standard_task_runner.py:83} INFO - Job 112: Subtask load_data_to_staging_call_table
[2022-11-19T13:28:02.793+0000] {task_command.py:376} INFO - Running <TaskInstance: Call_Center_ETL_DAG.load_data_to_staging_call_table manual__2022-11-19T13:27:36.036599+00:00 [running]> on host 9eba6bc17a61
[2022-11-19T13:28:02.971+0000] {taskinstance.py:1592} INFO - Exporting the following env vars:
AIRFLOW_CTX_DAG_OWNER=Abdelrhman Yassein
AIRFLOW_CTX_DAG_ID=Call_Center_ETL_DAG
AIRFLOW_CTX_TASK_ID=load_data_to_staging_call_table
AIRFLOW_CTX_EXECUTION_DATE=2022-11-19T13:27:36.036599+00:00
AIRFLOW_CTX_TRY_NUMBER=1
AIRFLOW_CTX_DAG_RUN_ID=manual__2022-11-19T13:27:36.036599+00:00
[2022-11-19T13:28:02.973+0000] {mysql.py:84} INFO - Executing: 
    SET GLOBAL local_infile=1;
            LOAD DATA LOCAL INFILE '/opt/***/data/CallCenter.csv'
            INTO TABLE staging_call
            COLUMNS TERMINATED BY ','
            OPTIONALLY ENCLOSED BY '"'
            ESCAPED BY '"'
            LINES TERMINATED BY '
'
            IGNORE 1 LINES;
            
[2022-11-19T13:28:03.007+0000] {base.py:71} INFO - Using connection ID 'mysql_conn_id' for task execution.
[2022-11-19T13:28:03.078+0000] {sql.py:315} INFO - Running statement: 
    SET GLOBAL local_infile=1;
            LOAD DATA LOCAL INFILE '/opt/***/data/CallCenter.csv'
            INTO TABLE staging_call
            COLUMNS TERMINATED BY ','
            OPTIONALLY ENCLOSED BY '"'
            ESCAPED BY '"'
            LINES TERMINATED BY '
'
            IGNORE 1 LINES;
            , parameters: None
[2022-11-19T13:28:03.085+0000] {sql.py:324} INFO - Rows affected: 0
[2022-11-19T13:28:06.471+0000] {taskinstance.py:1406} INFO - Marking task as SUCCESS. dag_id=Call_Center_ETL_DAG, task_id=load_data_to_staging_call_table, execution_date=20221119T132736, start_date=20221119T132802, end_date=20221119T132806
[2022-11-19T13:28:06.549+0000] {local_task_job.py:159} INFO - Task exited with return code 0
[2022-11-19T13:28:06.588+0000] {taskinstance.py:2623} INFO - 0 downstream tasks scheduled from follow-on schedule check
