[2022-11-20T00:39:14.557+0000] {taskinstance.py:1165} INFO - Dependencies all met for <TaskInstance: Call_Center_ETL_DAG.Drop_Tables manual__2022-11-20T00:39:08.612108+00:00 [queued]>
[2022-11-20T00:39:14.870+0000] {taskinstance.py:1165} INFO - Dependencies all met for <TaskInstance: Call_Center_ETL_DAG.Drop_Tables manual__2022-11-20T00:39:08.612108+00:00 [queued]>
[2022-11-20T00:39:14.886+0000] {taskinstance.py:1362} INFO - 
--------------------------------------------------------------------------------
[2022-11-20T00:39:14.898+0000] {taskinstance.py:1363} INFO - Starting attempt 1 of 1
[2022-11-20T00:39:14.901+0000] {taskinstance.py:1364} INFO - 
--------------------------------------------------------------------------------
[2022-11-20T00:39:15.348+0000] {taskinstance.py:1383} INFO - Executing <Task(MySqlOperator): Drop_Tables> on 2022-11-20 00:39:08.612108+00:00
[2022-11-20T00:39:15.397+0000] {standard_task_runner.py:55} INFO - Started process 3274 to run task
[2022-11-20T00:39:15.447+0000] {standard_task_runner.py:82} INFO - Running: ['***', 'tasks', 'run', 'Call_Center_ETL_DAG', 'Drop_Tables', 'manual__2022-11-20T00:39:08.612108+00:00', '--job-id', '118', '--raw', '--subdir', 'DAGS_FOLDER/call_center_dag.py', '--cfg-path', '/tmp/tmpojyhqzte']
[2022-11-20T00:39:15.459+0000] {standard_task_runner.py:83} INFO - Job 118: Subtask Drop_Tables
[2022-11-20T00:39:16.416+0000] {task_command.py:376} INFO - Running <TaskInstance: Call_Center_ETL_DAG.Drop_Tables manual__2022-11-20T00:39:08.612108+00:00 [running]> on host 9eba6bc17a61
[2022-11-20T00:39:18.398+0000] {taskinstance.py:1592} INFO - Exporting the following env vars:
AIRFLOW_CTX_DAG_OWNER=Abdelrhman Yassein
AIRFLOW_CTX_DAG_ID=Call_Center_ETL_DAG
AIRFLOW_CTX_TASK_ID=Drop_Tables
AIRFLOW_CTX_EXECUTION_DATE=2022-11-20T00:39:08.612108+00:00
AIRFLOW_CTX_TRY_NUMBER=1
AIRFLOW_CTX_DAG_RUN_ID=manual__2022-11-20T00:39:08.612108+00:00
[2022-11-20T00:39:18.544+0000] {mysql.py:84} INFO - Executing: 
    DROP TABLE IF EXISTS staging_call;
    DROP TABLE IF EXISTS call_info;
    DROP TABLE IF EXISTS call_fact;
    DROP TABLE IF EXISTS customers;
    DROP TABLE IF EXISTS call_time;
    
[2022-11-20T00:39:18.740+0000] {base.py:71} INFO - Using connection ID 'mysql_conn_id' for task execution.
[2022-11-20T00:39:18.875+0000] {sql.py:315} INFO - Running statement: 
    DROP TABLE IF EXISTS staging_call;
    DROP TABLE IF EXISTS call_info;
    DROP TABLE IF EXISTS call_fact;
    DROP TABLE IF EXISTS customers;
    DROP TABLE IF EXISTS call_time;
    , parameters: None
[2022-11-20T00:39:18.888+0000] {sql.py:324} INFO - Rows affected: 0
[2022-11-20T00:39:19.030+0000] {taskinstance.py:1406} INFO - Marking task as SUCCESS. dag_id=Call_Center_ETL_DAG, task_id=Drop_Tables, execution_date=20221120T003908, start_date=20221120T003914, end_date=20221120T003919
[2022-11-20T00:39:19.214+0000] {local_task_job.py:159} INFO - Task exited with return code 0
[2022-11-20T00:39:19.549+0000] {taskinstance.py:2623} INFO - 1 downstream tasks scheduled from follow-on schedule check
