[2022-11-20T00:43:17.067+0000] {taskinstance.py:1165} INFO - Dependencies all met for <TaskInstance: Call_Center_ETL_DAG.load_data_to_staging_call_table manual__2022-11-20T00:43:03.409337+00:00 [queued]>
[2022-11-20T00:43:17.091+0000] {taskinstance.py:1165} INFO - Dependencies all met for <TaskInstance: Call_Center_ETL_DAG.load_data_to_staging_call_table manual__2022-11-20T00:43:03.409337+00:00 [queued]>
[2022-11-20T00:43:17.093+0000] {taskinstance.py:1362} INFO - 
--------------------------------------------------------------------------------
[2022-11-20T00:43:17.094+0000] {taskinstance.py:1363} INFO - Starting attempt 1 of 1
[2022-11-20T00:43:17.096+0000] {taskinstance.py:1364} INFO - 
--------------------------------------------------------------------------------
[2022-11-20T00:43:17.130+0000] {taskinstance.py:1383} INFO - Executing <Task(MySqlOperator): load_data_to_staging_call_table> on 2022-11-20 00:43:03.409337+00:00
[2022-11-20T00:43:17.138+0000] {standard_task_runner.py:55} INFO - Started process 3459 to run task
[2022-11-20T00:43:17.143+0000] {standard_task_runner.py:82} INFO - Running: ['***', 'tasks', 'run', 'Call_Center_ETL_DAG', 'load_data_to_staging_call_table', 'manual__2022-11-20T00:43:03.409337+00:00', '--job-id', '135', '--raw', '--subdir', 'DAGS_FOLDER/call_center_dag.py', '--cfg-path', '/tmp/tmpq60m645j']
[2022-11-20T00:43:17.145+0000] {standard_task_runner.py:83} INFO - Job 135: Subtask load_data_to_staging_call_table
[2022-11-20T00:43:17.252+0000] {task_command.py:376} INFO - Running <TaskInstance: Call_Center_ETL_DAG.load_data_to_staging_call_table manual__2022-11-20T00:43:03.409337+00:00 [running]> on host 9eba6bc17a61
[2022-11-20T00:43:17.510+0000] {taskinstance.py:1592} INFO - Exporting the following env vars:
AIRFLOW_CTX_DAG_OWNER=Abdelrhman Yassein
AIRFLOW_CTX_DAG_ID=Call_Center_ETL_DAG
AIRFLOW_CTX_TASK_ID=load_data_to_staging_call_table
AIRFLOW_CTX_EXECUTION_DATE=2022-11-20T00:43:03.409337+00:00
AIRFLOW_CTX_TRY_NUMBER=1
AIRFLOW_CTX_DAG_RUN_ID=manual__2022-11-20T00:43:03.409337+00:00
[2022-11-20T00:43:17.524+0000] {mysql.py:84} INFO - Executing: 
    
            SET GLOBAL local_infile=1;
            LOAD DATA LOCAL INFILE '/opt/***/data/CallCenter.csv'
            INTO TABLE staging_call
            COLUMNS TERMINATED BY ','
            OPTIONALLY ENCLOSED BY '"'
            ESCAPED BY '"'
            LINES TERMINATED BY '
'
            IGNORE 1 LINES;
            
[2022-11-20T00:43:17.557+0000] {base.py:71} INFO - Using connection ID 'mysql_conn_id' for task execution.
[2022-11-20T00:43:17.670+0000] {sql.py:315} INFO - Running statement: 
    
            SET GLOBAL local_infile=1;
            LOAD DATA LOCAL INFILE '/opt/***/data/CallCenter.csv'
            INTO TABLE staging_call
            COLUMNS TERMINATED BY ','
            OPTIONALLY ENCLOSED BY '"'
            ESCAPED BY '"'
            LINES TERMINATED BY '
'
            IGNORE 1 LINES;
            , parameters: None
[2022-11-20T00:43:17.693+0000] {sql.py:324} INFO - Rows affected: 0
[2022-11-20T00:43:23.425+0000] {taskinstance.py:1406} INFO - Marking task as SUCCESS. dag_id=Call_Center_ETL_DAG, task_id=load_data_to_staging_call_table, execution_date=20221120T004303, start_date=20221120T004317, end_date=20221120T004323
[2022-11-20T00:43:23.626+0000] {local_task_job.py:159} INFO - Task exited with return code 0
[2022-11-20T00:43:23.799+0000] {taskinstance.py:2623} INFO - 1 downstream tasks scheduled from follow-on schedule check
