[2022-11-20T13:11:28.440+0000] {taskinstance.py:1165} INFO - Dependencies all met for <TaskInstance: Call_Center_ETL_DAG.insert_customer_data scheduled__2022-11-18T00:00:00+00:00 [queued]>
[2022-11-20T13:11:28.569+0000] {taskinstance.py:1165} INFO - Dependencies all met for <TaskInstance: Call_Center_ETL_DAG.insert_customer_data scheduled__2022-11-18T00:00:00+00:00 [queued]>
[2022-11-20T13:11:28.571+0000] {taskinstance.py:1362} INFO - 
--------------------------------------------------------------------------------
[2022-11-20T13:11:28.579+0000] {taskinstance.py:1363} INFO - Starting attempt 1 of 1
[2022-11-20T13:11:28.586+0000] {taskinstance.py:1364} INFO - 
--------------------------------------------------------------------------------
[2022-11-20T13:11:28.787+0000] {taskinstance.py:1383} INFO - Executing <Task(MySqlOperator): insert_customer_data> on 2022-11-18 00:00:00+00:00
[2022-11-20T13:11:28.837+0000] {standard_task_runner.py:55} INFO - Started process 726 to run task
[2022-11-20T13:11:28.894+0000] {standard_task_runner.py:82} INFO - Running: ['***', 'tasks', 'run', 'Call_Center_ETL_DAG', 'insert_customer_data', 'scheduled__2022-11-18T00:00:00+00:00', '--job-id', '153', '--raw', '--subdir', 'DAGS_FOLDER/call_center_dag.py', '--cfg-path', '/tmp/tmpjqe4ls2c']
[2022-11-20T13:11:28.900+0000] {standard_task_runner.py:83} INFO - Job 153: Subtask insert_customer_data
[2022-11-20T13:11:29.564+0000] {task_command.py:376} INFO - Running <TaskInstance: Call_Center_ETL_DAG.insert_customer_data scheduled__2022-11-18T00:00:00+00:00 [running]> on host 9eba6bc17a61
[2022-11-20T13:11:31.210+0000] {taskinstance.py:1592} INFO - Exporting the following env vars:
AIRFLOW_CTX_DAG_OWNER=Abdelrhman Yassein
AIRFLOW_CTX_DAG_ID=Call_Center_ETL_DAG
AIRFLOW_CTX_TASK_ID=insert_customer_data
AIRFLOW_CTX_EXECUTION_DATE=2022-11-18T00:00:00+00:00
AIRFLOW_CTX_TRY_NUMBER=1
AIRFLOW_CTX_DAG_RUN_ID=scheduled__2022-11-18T00:00:00+00:00
[2022-11-20T13:11:31.256+0000] {mysql.py:84} INFO - Executing: 
        INSERT INTO customers(customer_name,city,state, sentiment)
        SELECT 
            customer_name,
            city,
            state,
            sentiment
        FROM
            staging_call
        WHERE
            id IS NOT NULL;
        
[2022-11-20T13:11:31.490+0000] {base.py:71} INFO - Using connection ID 'mysql_conn_id' for task execution.
[2022-11-20T13:11:32.123+0000] {sql.py:315} INFO - Running statement: 
        INSERT INTO customers(customer_name,city,state, sentiment)
        SELECT 
            customer_name,
            city,
            state,
            sentiment
        FROM
            staging_call
        WHERE
            id IS NOT NULL;
        , parameters: None
[2022-11-20T13:11:36.772+0000] {sql.py:324} INFO - Rows affected: 32941
[2022-11-20T13:11:37.067+0000] {taskinstance.py:1406} INFO - Marking task as SUCCESS. dag_id=Call_Center_ETL_DAG, task_id=insert_customer_data, execution_date=20221118T000000, start_date=20221120T131128, end_date=20221120T131137
[2022-11-20T13:11:37.267+0000] {local_task_job.py:159} INFO - Task exited with return code 0
[2022-11-20T13:11:37.486+0000] {taskinstance.py:2623} INFO - 3 downstream tasks scheduled from follow-on schedule check
