[2022-11-20T00:00:10.020+0000] {processor.py:154} INFO - Started process (PID=1722) to work on /opt/airflow/dags/create_database_tables.py
[2022-11-20T00:00:10.022+0000] {processor.py:756} INFO - Processing file /opt/airflow/dags/create_database_tables.py for tasks to queue
[2022-11-20T00:00:10.028+0000] {logging_mixin.py:137} INFO - [2022-11-20T00:00:10.028+0000] {dagbag.py:537} INFO - Filling up the DagBag from /opt/airflow/dags/create_database_tables.py
[2022-11-20T00:00:10.172+0000] {processor.py:766} INFO - DAG(s) dict_keys(['Call_Center_ETL_DAG']) retrieved from /opt/airflow/dags/create_database_tables.py
[2022-11-20T00:00:10.231+0000] {logging_mixin.py:137} INFO - [2022-11-20T00:00:10.230+0000] {dag.py:2585} INFO - Sync 1 DAGs
[2022-11-20T00:00:10.329+0000] {logging_mixin.py:137} INFO - [2022-11-20T00:00:10.329+0000] {dag.py:3340} INFO - Setting next_dagrun for Call_Center_ETL_DAG to None, run_after=None
[2022-11-20T00:00:10.400+0000] {processor.py:176} INFO - Processing /opt/airflow/dags/create_database_tables.py took 0.387 seconds
[2022-11-20T00:00:40.584+0000] {processor.py:154} INFO - Started process (PID=1743) to work on /opt/airflow/dags/create_database_tables.py
[2022-11-20T00:00:40.586+0000] {processor.py:756} INFO - Processing file /opt/airflow/dags/create_database_tables.py for tasks to queue
[2022-11-20T00:00:40.588+0000] {logging_mixin.py:137} INFO - [2022-11-20T00:00:40.588+0000] {dagbag.py:537} INFO - Filling up the DagBag from /opt/airflow/dags/create_database_tables.py
[2022-11-20T00:00:40.698+0000] {processor.py:766} INFO - DAG(s) dict_keys(['Call_Center_ETL_DAG']) retrieved from /opt/airflow/dags/create_database_tables.py
[2022-11-20T00:00:40.751+0000] {logging_mixin.py:137} INFO - [2022-11-20T00:00:40.751+0000] {dag.py:2585} INFO - Sync 1 DAGs
[2022-11-20T00:00:40.794+0000] {logging_mixin.py:137} INFO - [2022-11-20T00:00:40.794+0000] {dag.py:3340} INFO - Setting next_dagrun for Call_Center_ETL_DAG to None, run_after=None
[2022-11-20T00:00:40.833+0000] {processor.py:176} INFO - Processing /opt/airflow/dags/create_database_tables.py took 0.253 seconds
[2022-11-20T00:01:11.063+0000] {processor.py:154} INFO - Started process (PID=1774) to work on /opt/airflow/dags/create_database_tables.py
[2022-11-20T00:01:11.065+0000] {processor.py:756} INFO - Processing file /opt/airflow/dags/create_database_tables.py for tasks to queue
[2022-11-20T00:01:11.067+0000] {logging_mixin.py:137} INFO - [2022-11-20T00:01:11.067+0000] {dagbag.py:537} INFO - Filling up the DagBag from /opt/airflow/dags/create_database_tables.py
[2022-11-20T00:01:11.194+0000] {processor.py:766} INFO - DAG(s) dict_keys(['Call_Center_ETL_DAG']) retrieved from /opt/airflow/dags/create_database_tables.py
[2022-11-20T00:01:11.262+0000] {logging_mixin.py:137} INFO - [2022-11-20T00:01:11.261+0000] {dag.py:2585} INFO - Sync 1 DAGs
[2022-11-20T00:01:11.315+0000] {logging_mixin.py:137} INFO - [2022-11-20T00:01:11.315+0000] {dag.py:3340} INFO - Setting next_dagrun for Call_Center_ETL_DAG to None, run_after=None
[2022-11-20T00:01:11.365+0000] {processor.py:176} INFO - Processing /opt/airflow/dags/create_database_tables.py took 0.309 seconds
[2022-11-20T00:01:41.632+0000] {processor.py:154} INFO - Started process (PID=1797) to work on /opt/airflow/dags/create_database_tables.py
[2022-11-20T00:01:41.634+0000] {processor.py:756} INFO - Processing file /opt/airflow/dags/create_database_tables.py for tasks to queue
[2022-11-20T00:01:41.636+0000] {logging_mixin.py:137} INFO - [2022-11-20T00:01:41.635+0000] {dagbag.py:537} INFO - Filling up the DagBag from /opt/airflow/dags/create_database_tables.py
[2022-11-20T00:01:41.745+0000] {processor.py:766} INFO - DAG(s) dict_keys(['Call_Center_ETL_DAG']) retrieved from /opt/airflow/dags/create_database_tables.py
[2022-11-20T00:01:41.810+0000] {logging_mixin.py:137} INFO - [2022-11-20T00:01:41.809+0000] {dag.py:2585} INFO - Sync 1 DAGs
[2022-11-20T00:01:41.880+0000] {logging_mixin.py:137} INFO - [2022-11-20T00:01:41.879+0000] {dag.py:3340} INFO - Setting next_dagrun for Call_Center_ETL_DAG to None, run_after=None
[2022-11-20T00:01:41.962+0000] {processor.py:176} INFO - Processing /opt/airflow/dags/create_database_tables.py took 0.334 seconds
[2022-11-20T00:02:12.220+0000] {processor.py:154} INFO - Started process (PID=1823) to work on /opt/airflow/dags/create_database_tables.py
[2022-11-20T00:02:12.225+0000] {processor.py:756} INFO - Processing file /opt/airflow/dags/create_database_tables.py for tasks to queue
[2022-11-20T00:02:12.232+0000] {logging_mixin.py:137} INFO - [2022-11-20T00:02:12.232+0000] {dagbag.py:537} INFO - Filling up the DagBag from /opt/airflow/dags/create_database_tables.py
[2022-11-20T00:02:12.554+0000] {processor.py:766} INFO - DAG(s) dict_keys(['Call_Center_ETL_DAG']) retrieved from /opt/airflow/dags/create_database_tables.py
[2022-11-20T00:02:12.699+0000] {logging_mixin.py:137} INFO - [2022-11-20T00:02:12.699+0000] {dag.py:2585} INFO - Sync 1 DAGs
[2022-11-20T00:02:12.768+0000] {logging_mixin.py:137} INFO - [2022-11-20T00:02:12.768+0000] {dag.py:3340} INFO - Setting next_dagrun for Call_Center_ETL_DAG to None, run_after=None
[2022-11-20T00:02:12.811+0000] {processor.py:176} INFO - Processing /opt/airflow/dags/create_database_tables.py took 0.602 seconds
[2022-11-20T00:02:43.019+0000] {processor.py:154} INFO - Started process (PID=1847) to work on /opt/airflow/dags/create_database_tables.py
[2022-11-20T00:02:43.020+0000] {processor.py:756} INFO - Processing file /opt/airflow/dags/create_database_tables.py for tasks to queue
[2022-11-20T00:02:43.023+0000] {logging_mixin.py:137} INFO - [2022-11-20T00:02:43.023+0000] {dagbag.py:537} INFO - Filling up the DagBag from /opt/airflow/dags/create_database_tables.py
[2022-11-20T00:02:43.191+0000] {processor.py:766} INFO - DAG(s) dict_keys(['Call_Center_ETL_DAG']) retrieved from /opt/airflow/dags/create_database_tables.py
[2022-11-20T00:02:43.250+0000] {logging_mixin.py:137} INFO - [2022-11-20T00:02:43.250+0000] {dag.py:2585} INFO - Sync 1 DAGs
[2022-11-20T00:02:43.290+0000] {logging_mixin.py:137} INFO - [2022-11-20T00:02:43.290+0000] {dag.py:3340} INFO - Setting next_dagrun for Call_Center_ETL_DAG to None, run_after=None
[2022-11-20T00:02:43.327+0000] {processor.py:176} INFO - Processing /opt/airflow/dags/create_database_tables.py took 0.312 seconds
[2022-11-20T00:03:13.537+0000] {processor.py:154} INFO - Started process (PID=1868) to work on /opt/airflow/dags/create_database_tables.py
[2022-11-20T00:03:13.540+0000] {processor.py:756} INFO - Processing file /opt/airflow/dags/create_database_tables.py for tasks to queue
[2022-11-20T00:03:13.543+0000] {logging_mixin.py:137} INFO - [2022-11-20T00:03:13.543+0000] {dagbag.py:537} INFO - Filling up the DagBag from /opt/airflow/dags/create_database_tables.py
[2022-11-20T00:03:13.902+0000] {processor.py:766} INFO - DAG(s) dict_keys(['Call_Center_ETL_DAG']) retrieved from /opt/airflow/dags/create_database_tables.py
[2022-11-20T00:03:14.327+0000] {logging_mixin.py:137} INFO - [2022-11-20T00:03:14.326+0000] {dag.py:2585} INFO - Sync 1 DAGs
[2022-11-20T00:03:14.675+0000] {logging_mixin.py:137} INFO - [2022-11-20T00:03:14.675+0000] {dag.py:3340} INFO - Setting next_dagrun for Call_Center_ETL_DAG to None, run_after=None
[2022-11-20T00:03:14.823+0000] {processor.py:176} INFO - Processing /opt/airflow/dags/create_database_tables.py took 1.295 seconds
[2022-11-20T00:03:45.127+0000] {processor.py:154} INFO - Started process (PID=1898) to work on /opt/airflow/dags/create_database_tables.py
[2022-11-20T00:03:45.129+0000] {processor.py:756} INFO - Processing file /opt/airflow/dags/create_database_tables.py for tasks to queue
[2022-11-20T00:03:45.131+0000] {logging_mixin.py:137} INFO - [2022-11-20T00:03:45.131+0000] {dagbag.py:537} INFO - Filling up the DagBag from /opt/airflow/dags/create_database_tables.py
[2022-11-20T00:03:45.434+0000] {processor.py:766} INFO - DAG(s) dict_keys(['Call_Center_ETL_DAG']) retrieved from /opt/airflow/dags/create_database_tables.py
[2022-11-20T00:03:45.532+0000] {logging_mixin.py:137} INFO - [2022-11-20T00:03:45.532+0000] {dag.py:2585} INFO - Sync 1 DAGs
[2022-11-20T00:03:45.658+0000] {logging_mixin.py:137} INFO - [2022-11-20T00:03:45.658+0000] {dag.py:3340} INFO - Setting next_dagrun for Call_Center_ETL_DAG to None, run_after=None
[2022-11-20T00:03:45.778+0000] {processor.py:176} INFO - Processing /opt/airflow/dags/create_database_tables.py took 0.667 seconds
[2022-11-20T00:04:15.944+0000] {processor.py:154} INFO - Started process (PID=1918) to work on /opt/airflow/dags/create_database_tables.py
[2022-11-20T00:04:15.946+0000] {processor.py:756} INFO - Processing file /opt/airflow/dags/create_database_tables.py for tasks to queue
[2022-11-20T00:04:15.951+0000] {logging_mixin.py:137} INFO - [2022-11-20T00:04:15.950+0000] {dagbag.py:537} INFO - Filling up the DagBag from /opt/airflow/dags/create_database_tables.py
[2022-11-20T00:04:16.155+0000] {processor.py:766} INFO - DAG(s) dict_keys(['Call_Center_ETL_DAG']) retrieved from /opt/airflow/dags/create_database_tables.py
[2022-11-20T00:04:16.242+0000] {logging_mixin.py:137} INFO - [2022-11-20T00:04:16.241+0000] {dag.py:2585} INFO - Sync 1 DAGs
[2022-11-20T00:04:16.307+0000] {logging_mixin.py:137} INFO - [2022-11-20T00:04:16.307+0000] {dag.py:3340} INFO - Setting next_dagrun for Call_Center_ETL_DAG to None, run_after=None
[2022-11-20T00:04:16.346+0000] {processor.py:176} INFO - Processing /opt/airflow/dags/create_database_tables.py took 0.407 seconds
[2022-11-20T00:04:46.620+0000] {processor.py:154} INFO - Started process (PID=1943) to work on /opt/airflow/dags/create_database_tables.py
[2022-11-20T00:04:46.622+0000] {processor.py:756} INFO - Processing file /opt/airflow/dags/create_database_tables.py for tasks to queue
[2022-11-20T00:04:46.623+0000] {logging_mixin.py:137} INFO - [2022-11-20T00:04:46.623+0000] {dagbag.py:537} INFO - Filling up the DagBag from /opt/airflow/dags/create_database_tables.py
[2022-11-20T00:04:46.764+0000] {processor.py:766} INFO - DAG(s) dict_keys(['Call_Center_ETL_DAG']) retrieved from /opt/airflow/dags/create_database_tables.py
[2022-11-20T00:04:46.827+0000] {logging_mixin.py:137} INFO - [2022-11-20T00:04:46.826+0000] {dag.py:2585} INFO - Sync 1 DAGs
[2022-11-20T00:04:46.873+0000] {logging_mixin.py:137} INFO - [2022-11-20T00:04:46.873+0000] {dag.py:3340} INFO - Setting next_dagrun for Call_Center_ETL_DAG to None, run_after=None
[2022-11-20T00:04:46.914+0000] {processor.py:176} INFO - Processing /opt/airflow/dags/create_database_tables.py took 0.300 seconds
[2022-11-20T00:05:16.989+0000] {processor.py:154} INFO - Started process (PID=1964) to work on /opt/airflow/dags/create_database_tables.py
[2022-11-20T00:05:16.993+0000] {processor.py:756} INFO - Processing file /opt/airflow/dags/create_database_tables.py for tasks to queue
[2022-11-20T00:05:16.995+0000] {logging_mixin.py:137} INFO - [2022-11-20T00:05:16.994+0000] {dagbag.py:537} INFO - Filling up the DagBag from /opt/airflow/dags/create_database_tables.py
[2022-11-20T00:05:17.127+0000] {processor.py:766} INFO - DAG(s) dict_keys(['Call_Center_ETL_DAG']) retrieved from /opt/airflow/dags/create_database_tables.py
[2022-11-20T00:05:17.196+0000] {logging_mixin.py:137} INFO - [2022-11-20T00:05:17.196+0000] {dag.py:2585} INFO - Sync 1 DAGs
[2022-11-20T00:05:17.234+0000] {logging_mixin.py:137} INFO - [2022-11-20T00:05:17.234+0000] {dag.py:3340} INFO - Setting next_dagrun for Call_Center_ETL_DAG to None, run_after=None
[2022-11-20T00:05:17.276+0000] {processor.py:176} INFO - Processing /opt/airflow/dags/create_database_tables.py took 0.292 seconds
[2022-11-20T00:05:47.528+0000] {processor.py:154} INFO - Started process (PID=1984) to work on /opt/airflow/dags/create_database_tables.py
[2022-11-20T00:05:47.531+0000] {processor.py:756} INFO - Processing file /opt/airflow/dags/create_database_tables.py for tasks to queue
[2022-11-20T00:05:47.536+0000] {logging_mixin.py:137} INFO - [2022-11-20T00:05:47.535+0000] {dagbag.py:537} INFO - Filling up the DagBag from /opt/airflow/dags/create_database_tables.py
[2022-11-20T00:05:47.668+0000] {processor.py:766} INFO - DAG(s) dict_keys(['Call_Center_ETL_DAG']) retrieved from /opt/airflow/dags/create_database_tables.py
[2022-11-20T00:05:47.722+0000] {logging_mixin.py:137} INFO - [2022-11-20T00:05:47.722+0000] {dag.py:2585} INFO - Sync 1 DAGs
[2022-11-20T00:05:47.761+0000] {logging_mixin.py:137} INFO - [2022-11-20T00:05:47.760+0000] {dag.py:3340} INFO - Setting next_dagrun for Call_Center_ETL_DAG to None, run_after=None
[2022-11-20T00:05:47.797+0000] {processor.py:176} INFO - Processing /opt/airflow/dags/create_database_tables.py took 0.282 seconds
[2022-11-20T00:06:18.013+0000] {processor.py:154} INFO - Started process (PID=2009) to work on /opt/airflow/dags/create_database_tables.py
[2022-11-20T00:06:18.014+0000] {processor.py:756} INFO - Processing file /opt/airflow/dags/create_database_tables.py for tasks to queue
[2022-11-20T00:06:18.018+0000] {logging_mixin.py:137} INFO - [2022-11-20T00:06:18.018+0000] {dagbag.py:537} INFO - Filling up the DagBag from /opt/airflow/dags/create_database_tables.py
[2022-11-20T00:06:18.132+0000] {processor.py:766} INFO - DAG(s) dict_keys(['Call_Center_ETL_DAG']) retrieved from /opt/airflow/dags/create_database_tables.py
[2022-11-20T00:06:18.187+0000] {logging_mixin.py:137} INFO - [2022-11-20T00:06:18.187+0000] {dag.py:2585} INFO - Sync 1 DAGs
[2022-11-20T00:06:18.227+0000] {logging_mixin.py:137} INFO - [2022-11-20T00:06:18.226+0000] {dag.py:3340} INFO - Setting next_dagrun for Call_Center_ETL_DAG to None, run_after=None
[2022-11-20T00:06:18.269+0000] {processor.py:176} INFO - Processing /opt/airflow/dags/create_database_tables.py took 0.261 seconds
[2022-11-20T00:06:48.473+0000] {processor.py:154} INFO - Started process (PID=2030) to work on /opt/airflow/dags/create_database_tables.py
[2022-11-20T00:06:48.486+0000] {processor.py:756} INFO - Processing file /opt/airflow/dags/create_database_tables.py for tasks to queue
[2022-11-20T00:06:48.489+0000] {logging_mixin.py:137} INFO - [2022-11-20T00:06:48.489+0000] {dagbag.py:537} INFO - Filling up the DagBag from /opt/airflow/dags/create_database_tables.py
[2022-11-20T00:06:48.622+0000] {processor.py:766} INFO - DAG(s) dict_keys(['Call_Center_ETL_DAG']) retrieved from /opt/airflow/dags/create_database_tables.py
[2022-11-20T00:06:48.681+0000] {logging_mixin.py:137} INFO - [2022-11-20T00:06:48.681+0000] {dag.py:2585} INFO - Sync 1 DAGs
[2022-11-20T00:06:48.721+0000] {logging_mixin.py:137} INFO - [2022-11-20T00:06:48.721+0000] {dag.py:3340} INFO - Setting next_dagrun for Call_Center_ETL_DAG to None, run_after=None
[2022-11-20T00:06:48.766+0000] {processor.py:176} INFO - Processing /opt/airflow/dags/create_database_tables.py took 0.305 seconds
[2022-11-20T00:07:18.956+0000] {processor.py:154} INFO - Started process (PID=2062) to work on /opt/airflow/dags/create_database_tables.py
[2022-11-20T00:07:18.959+0000] {processor.py:756} INFO - Processing file /opt/airflow/dags/create_database_tables.py for tasks to queue
[2022-11-20T00:07:18.961+0000] {logging_mixin.py:137} INFO - [2022-11-20T00:07:18.961+0000] {dagbag.py:537} INFO - Filling up the DagBag from /opt/airflow/dags/create_database_tables.py
[2022-11-20T00:07:19.097+0000] {processor.py:766} INFO - DAG(s) dict_keys(['Call_Center_ETL_DAG']) retrieved from /opt/airflow/dags/create_database_tables.py
[2022-11-20T00:07:19.175+0000] {logging_mixin.py:137} INFO - [2022-11-20T00:07:19.175+0000] {dag.py:2585} INFO - Sync 1 DAGs
[2022-11-20T00:07:19.258+0000] {logging_mixin.py:137} INFO - [2022-11-20T00:07:19.258+0000] {dag.py:3340} INFO - Setting next_dagrun for Call_Center_ETL_DAG to None, run_after=None
[2022-11-20T00:07:19.307+0000] {processor.py:176} INFO - Processing /opt/airflow/dags/create_database_tables.py took 0.355 seconds
[2022-11-20T00:07:49.589+0000] {processor.py:154} INFO - Started process (PID=2084) to work on /opt/airflow/dags/create_database_tables.py
[2022-11-20T00:07:49.594+0000] {processor.py:756} INFO - Processing file /opt/airflow/dags/create_database_tables.py for tasks to queue
[2022-11-20T00:07:49.604+0000] {logging_mixin.py:137} INFO - [2022-11-20T00:07:49.603+0000] {dagbag.py:537} INFO - Filling up the DagBag from /opt/airflow/dags/create_database_tables.py
[2022-11-20T00:07:49.910+0000] {processor.py:766} INFO - DAG(s) dict_keys(['Call_Center_ETL_DAG']) retrieved from /opt/airflow/dags/create_database_tables.py
[2022-11-20T00:07:50.013+0000] {logging_mixin.py:137} INFO - [2022-11-20T00:07:50.013+0000] {dag.py:2585} INFO - Sync 1 DAGs
[2022-11-20T00:07:50.086+0000] {logging_mixin.py:137} INFO - [2022-11-20T00:07:50.086+0000] {dag.py:3340} INFO - Setting next_dagrun for Call_Center_ETL_DAG to None, run_after=None
[2022-11-20T00:07:50.328+0000] {processor.py:176} INFO - Processing /opt/airflow/dags/create_database_tables.py took 0.749 seconds
[2022-11-20T00:08:20.468+0000] {processor.py:154} INFO - Started process (PID=2104) to work on /opt/airflow/dags/create_database_tables.py
[2022-11-20T00:08:20.472+0000] {processor.py:756} INFO - Processing file /opt/airflow/dags/create_database_tables.py for tasks to queue
[2022-11-20T00:08:20.493+0000] {logging_mixin.py:137} INFO - [2022-11-20T00:08:20.492+0000] {dagbag.py:537} INFO - Filling up the DagBag from /opt/airflow/dags/create_database_tables.py
[2022-11-20T00:08:20.742+0000] {processor.py:766} INFO - DAG(s) dict_keys(['Call_Center_ETL_DAG']) retrieved from /opt/airflow/dags/create_database_tables.py
[2022-11-20T00:08:20.857+0000] {logging_mixin.py:137} INFO - [2022-11-20T00:08:20.857+0000] {dag.py:2585} INFO - Sync 1 DAGs
[2022-11-20T00:08:20.906+0000] {logging_mixin.py:137} INFO - [2022-11-20T00:08:20.905+0000] {dag.py:3340} INFO - Setting next_dagrun for Call_Center_ETL_DAG to None, run_after=None
[2022-11-20T00:08:20.946+0000] {processor.py:176} INFO - Processing /opt/airflow/dags/create_database_tables.py took 0.489 seconds
[2022-11-20T00:08:51.268+0000] {processor.py:154} INFO - Started process (PID=2136) to work on /opt/airflow/dags/create_database_tables.py
[2022-11-20T00:08:51.273+0000] {processor.py:756} INFO - Processing file /opt/airflow/dags/create_database_tables.py for tasks to queue
[2022-11-20T00:08:51.285+0000] {logging_mixin.py:137} INFO - [2022-11-20T00:08:51.283+0000] {dagbag.py:537} INFO - Filling up the DagBag from /opt/airflow/dags/create_database_tables.py
[2022-11-20T00:08:51.763+0000] {processor.py:766} INFO - DAG(s) dict_keys(['Call_Center_ETL_DAG']) retrieved from /opt/airflow/dags/create_database_tables.py
[2022-11-20T00:08:51.960+0000] {logging_mixin.py:137} INFO - [2022-11-20T00:08:51.960+0000] {dag.py:2585} INFO - Sync 1 DAGs
[2022-11-20T00:08:52.128+0000] {logging_mixin.py:137} INFO - [2022-11-20T00:08:52.128+0000] {dag.py:3340} INFO - Setting next_dagrun for Call_Center_ETL_DAG to None, run_after=None
[2022-11-20T00:08:52.207+0000] {processor.py:176} INFO - Processing /opt/airflow/dags/create_database_tables.py took 0.964 seconds
[2022-11-20T00:09:22.423+0000] {processor.py:154} INFO - Started process (PID=2158) to work on /opt/airflow/dags/create_database_tables.py
[2022-11-20T00:09:22.425+0000] {processor.py:756} INFO - Processing file /opt/airflow/dags/create_database_tables.py for tasks to queue
[2022-11-20T00:09:22.427+0000] {logging_mixin.py:137} INFO - [2022-11-20T00:09:22.427+0000] {dagbag.py:537} INFO - Filling up the DagBag from /opt/airflow/dags/create_database_tables.py
[2022-11-20T00:09:22.566+0000] {processor.py:766} INFO - DAG(s) dict_keys(['Call_Center_ETL_DAG']) retrieved from /opt/airflow/dags/create_database_tables.py
[2022-11-20T00:09:22.624+0000] {logging_mixin.py:137} INFO - [2022-11-20T00:09:22.623+0000] {dag.py:2585} INFO - Sync 1 DAGs
[2022-11-20T00:09:22.662+0000] {logging_mixin.py:137} INFO - [2022-11-20T00:09:22.661+0000] {dag.py:3340} INFO - Setting next_dagrun for Call_Center_ETL_DAG to None, run_after=None
[2022-11-20T00:09:22.696+0000] {processor.py:176} INFO - Processing /opt/airflow/dags/create_database_tables.py took 0.277 seconds
[2022-11-20T00:09:52.894+0000] {processor.py:154} INFO - Started process (PID=2180) to work on /opt/airflow/dags/create_database_tables.py
[2022-11-20T00:09:52.896+0000] {processor.py:756} INFO - Processing file /opt/airflow/dags/create_database_tables.py for tasks to queue
[2022-11-20T00:09:52.898+0000] {logging_mixin.py:137} INFO - [2022-11-20T00:09:52.898+0000] {dagbag.py:537} INFO - Filling up the DagBag from /opt/airflow/dags/create_database_tables.py
[2022-11-20T00:09:53.019+0000] {processor.py:766} INFO - DAG(s) dict_keys(['Call_Center_ETL_DAG']) retrieved from /opt/airflow/dags/create_database_tables.py
[2022-11-20T00:09:53.316+0000] {logging_mixin.py:137} INFO - [2022-11-20T00:09:53.315+0000] {dag.py:2585} INFO - Sync 1 DAGs
[2022-11-20T00:09:53.460+0000] {logging_mixin.py:137} INFO - [2022-11-20T00:09:53.450+0000] {dag.py:3340} INFO - Setting next_dagrun for Call_Center_ETL_DAG to None, run_after=None
[2022-11-20T00:09:53.545+0000] {processor.py:176} INFO - Processing /opt/airflow/dags/create_database_tables.py took 0.656 seconds
[2022-11-20T00:10:23.826+0000] {processor.py:154} INFO - Started process (PID=2209) to work on /opt/airflow/dags/create_database_tables.py
[2022-11-20T00:10:23.828+0000] {processor.py:756} INFO - Processing file /opt/airflow/dags/create_database_tables.py for tasks to queue
[2022-11-20T00:10:23.830+0000] {logging_mixin.py:137} INFO - [2022-11-20T00:10:23.829+0000] {dagbag.py:537} INFO - Filling up the DagBag from /opt/airflow/dags/create_database_tables.py
[2022-11-20T00:10:24.083+0000] {processor.py:766} INFO - DAG(s) dict_keys(['Call_Center_ETL_DAG']) retrieved from /opt/airflow/dags/create_database_tables.py
[2022-11-20T00:10:24.175+0000] {logging_mixin.py:137} INFO - [2022-11-20T00:10:24.175+0000] {dag.py:2585} INFO - Sync 1 DAGs
[2022-11-20T00:10:24.287+0000] {logging_mixin.py:137} INFO - [2022-11-20T00:10:24.287+0000] {dag.py:3340} INFO - Setting next_dagrun for Call_Center_ETL_DAG to None, run_after=None
[2022-11-20T00:10:24.414+0000] {processor.py:176} INFO - Processing /opt/airflow/dags/create_database_tables.py took 0.596 seconds
[2022-11-20T00:10:54.947+0000] {processor.py:154} INFO - Started process (PID=2230) to work on /opt/airflow/dags/create_database_tables.py
[2022-11-20T00:10:54.959+0000] {processor.py:756} INFO - Processing file /opt/airflow/dags/create_database_tables.py for tasks to queue
[2022-11-20T00:10:54.965+0000] {logging_mixin.py:137} INFO - [2022-11-20T00:10:54.964+0000] {dagbag.py:537} INFO - Filling up the DagBag from /opt/airflow/dags/create_database_tables.py
[2022-11-20T00:10:55.449+0000] {processor.py:766} INFO - DAG(s) dict_keys(['Call_Center_ETL_DAG']) retrieved from /opt/airflow/dags/create_database_tables.py
[2022-11-20T00:10:55.815+0000] {logging_mixin.py:137} INFO - [2022-11-20T00:10:55.814+0000] {dag.py:2585} INFO - Sync 1 DAGs
[2022-11-20T00:10:55.962+0000] {logging_mixin.py:137} INFO - [2022-11-20T00:10:55.962+0000] {dag.py:3340} INFO - Setting next_dagrun for Call_Center_ETL_DAG to None, run_after=None
[2022-11-20T00:10:56.053+0000] {processor.py:176} INFO - Processing /opt/airflow/dags/create_database_tables.py took 1.128 seconds
[2022-11-20T00:11:26.249+0000] {processor.py:154} INFO - Started process (PID=2255) to work on /opt/airflow/dags/create_database_tables.py
[2022-11-20T00:11:26.250+0000] {processor.py:756} INFO - Processing file /opt/airflow/dags/create_database_tables.py for tasks to queue
[2022-11-20T00:11:26.252+0000] {logging_mixin.py:137} INFO - [2022-11-20T00:11:26.252+0000] {dagbag.py:537} INFO - Filling up the DagBag from /opt/airflow/dags/create_database_tables.py
[2022-11-20T00:11:26.689+0000] {processor.py:766} INFO - DAG(s) dict_keys(['Call_Center_ETL_DAG']) retrieved from /opt/airflow/dags/create_database_tables.py
[2022-11-20T00:11:26.948+0000] {logging_mixin.py:137} INFO - [2022-11-20T00:11:26.948+0000] {dag.py:2585} INFO - Sync 1 DAGs
[2022-11-20T00:11:27.090+0000] {logging_mixin.py:137} INFO - [2022-11-20T00:11:27.083+0000] {dag.py:3340} INFO - Setting next_dagrun for Call_Center_ETL_DAG to None, run_after=None
[2022-11-20T00:11:27.170+0000] {processor.py:176} INFO - Processing /opt/airflow/dags/create_database_tables.py took 1.007 seconds
[2022-11-20T00:11:57.434+0000] {processor.py:154} INFO - Started process (PID=2275) to work on /opt/airflow/dags/create_database_tables.py
[2022-11-20T00:11:57.440+0000] {processor.py:756} INFO - Processing file /opt/airflow/dags/create_database_tables.py for tasks to queue
[2022-11-20T00:11:57.446+0000] {logging_mixin.py:137} INFO - [2022-11-20T00:11:57.444+0000] {dagbag.py:537} INFO - Filling up the DagBag from /opt/airflow/dags/create_database_tables.py
[2022-11-20T00:11:57.668+0000] {processor.py:766} INFO - DAG(s) dict_keys(['Call_Center_ETL_DAG']) retrieved from /opt/airflow/dags/create_database_tables.py
[2022-11-20T00:11:57.752+0000] {logging_mixin.py:137} INFO - [2022-11-20T00:11:57.751+0000] {dag.py:2585} INFO - Sync 1 DAGs
[2022-11-20T00:11:57.823+0000] {logging_mixin.py:137} INFO - [2022-11-20T00:11:57.823+0000] {dag.py:3340} INFO - Setting next_dagrun for Call_Center_ETL_DAG to None, run_after=None
[2022-11-20T00:11:57.874+0000] {processor.py:176} INFO - Processing /opt/airflow/dags/create_database_tables.py took 0.453 seconds
[2022-11-20T00:12:28.358+0000] {processor.py:154} INFO - Started process (PID=2299) to work on /opt/airflow/dags/create_database_tables.py
[2022-11-20T00:12:28.360+0000] {processor.py:756} INFO - Processing file /opt/airflow/dags/create_database_tables.py for tasks to queue
[2022-11-20T00:12:28.363+0000] {logging_mixin.py:137} INFO - [2022-11-20T00:12:28.363+0000] {dagbag.py:537} INFO - Filling up the DagBag from /opt/airflow/dags/create_database_tables.py
[2022-11-20T00:12:28.488+0000] {processor.py:766} INFO - DAG(s) dict_keys(['Call_Center_ETL_DAG']) retrieved from /opt/airflow/dags/create_database_tables.py
[2022-11-20T00:12:28.551+0000] {logging_mixin.py:137} INFO - [2022-11-20T00:12:28.551+0000] {dag.py:2585} INFO - Sync 1 DAGs
[2022-11-20T00:12:28.595+0000] {logging_mixin.py:137} INFO - [2022-11-20T00:12:28.595+0000] {dag.py:3340} INFO - Setting next_dagrun for Call_Center_ETL_DAG to None, run_after=None
[2022-11-20T00:12:28.669+0000] {processor.py:176} INFO - Processing /opt/airflow/dags/create_database_tables.py took 0.317 seconds
[2022-11-20T00:12:58.781+0000] {processor.py:154} INFO - Started process (PID=2333) to work on /opt/airflow/dags/create_database_tables.py
[2022-11-20T00:12:58.783+0000] {processor.py:756} INFO - Processing file /opt/airflow/dags/create_database_tables.py for tasks to queue
[2022-11-20T00:12:58.785+0000] {logging_mixin.py:137} INFO - [2022-11-20T00:12:58.784+0000] {dagbag.py:537} INFO - Filling up the DagBag from /opt/airflow/dags/create_database_tables.py
[2022-11-20T00:12:58.933+0000] {processor.py:766} INFO - DAG(s) dict_keys(['Call_Center_ETL_DAG']) retrieved from /opt/airflow/dags/create_database_tables.py
[2022-11-20T00:12:59.020+0000] {logging_mixin.py:137} INFO - [2022-11-20T00:12:59.019+0000] {dag.py:2585} INFO - Sync 1 DAGs
[2022-11-20T00:12:59.073+0000] {logging_mixin.py:137} INFO - [2022-11-20T00:12:59.073+0000] {dag.py:3340} INFO - Setting next_dagrun for Call_Center_ETL_DAG to None, run_after=None
[2022-11-20T00:12:59.147+0000] {processor.py:176} INFO - Processing /opt/airflow/dags/create_database_tables.py took 0.371 seconds
[2022-11-20T00:13:29.363+0000] {processor.py:154} INFO - Started process (PID=2351) to work on /opt/airflow/dags/create_database_tables.py
[2022-11-20T00:13:29.371+0000] {processor.py:756} INFO - Processing file /opt/airflow/dags/create_database_tables.py for tasks to queue
[2022-11-20T00:13:29.372+0000] {logging_mixin.py:137} INFO - [2022-11-20T00:13:29.372+0000] {dagbag.py:537} INFO - Filling up the DagBag from /opt/airflow/dags/create_database_tables.py
[2022-11-20T00:13:29.530+0000] {processor.py:766} INFO - DAG(s) dict_keys(['Call_Center_ETL_DAG']) retrieved from /opt/airflow/dags/create_database_tables.py
[2022-11-20T00:13:29.652+0000] {logging_mixin.py:137} INFO - [2022-11-20T00:13:29.651+0000] {dag.py:2585} INFO - Sync 1 DAGs
[2022-11-20T00:13:29.797+0000] {logging_mixin.py:137} INFO - [2022-11-20T00:13:29.797+0000] {dag.py:3340} INFO - Setting next_dagrun for Call_Center_ETL_DAG to None, run_after=None
[2022-11-20T00:13:29.867+0000] {processor.py:176} INFO - Processing /opt/airflow/dags/create_database_tables.py took 0.509 seconds
[2022-11-20T00:14:00.149+0000] {processor.py:154} INFO - Started process (PID=2383) to work on /opt/airflow/dags/create_database_tables.py
[2022-11-20T00:14:00.152+0000] {processor.py:756} INFO - Processing file /opt/airflow/dags/create_database_tables.py for tasks to queue
[2022-11-20T00:14:00.168+0000] {logging_mixin.py:137} INFO - [2022-11-20T00:14:00.167+0000] {dagbag.py:537} INFO - Filling up the DagBag from /opt/airflow/dags/create_database_tables.py
[2022-11-20T00:14:00.376+0000] {processor.py:766} INFO - DAG(s) dict_keys(['Call_Center_ETL_DAG']) retrieved from /opt/airflow/dags/create_database_tables.py
[2022-11-20T00:14:00.459+0000] {logging_mixin.py:137} INFO - [2022-11-20T00:14:00.459+0000] {dag.py:2585} INFO - Sync 1 DAGs
[2022-11-20T00:14:00.516+0000] {logging_mixin.py:137} INFO - [2022-11-20T00:14:00.516+0000] {dag.py:3340} INFO - Setting next_dagrun for Call_Center_ETL_DAG to None, run_after=None
[2022-11-20T00:14:00.561+0000] {processor.py:176} INFO - Processing /opt/airflow/dags/create_database_tables.py took 0.427 seconds
[2022-11-20T00:14:30.701+0000] {processor.py:154} INFO - Started process (PID=2405) to work on /opt/airflow/dags/create_database_tables.py
[2022-11-20T00:14:30.703+0000] {processor.py:756} INFO - Processing file /opt/airflow/dags/create_database_tables.py for tasks to queue
[2022-11-20T00:14:30.707+0000] {logging_mixin.py:137} INFO - [2022-11-20T00:14:30.707+0000] {dagbag.py:537} INFO - Filling up the DagBag from /opt/airflow/dags/create_database_tables.py
[2022-11-20T00:14:30.836+0000] {processor.py:766} INFO - DAG(s) dict_keys(['Call_Center_ETL_DAG']) retrieved from /opt/airflow/dags/create_database_tables.py
[2022-11-20T00:14:30.888+0000] {logging_mixin.py:137} INFO - [2022-11-20T00:14:30.888+0000] {dag.py:2585} INFO - Sync 1 DAGs
[2022-11-20T00:14:30.930+0000] {logging_mixin.py:137} INFO - [2022-11-20T00:14:30.930+0000] {dag.py:3340} INFO - Setting next_dagrun for Call_Center_ETL_DAG to None, run_after=None
[2022-11-20T00:14:30.968+0000] {processor.py:176} INFO - Processing /opt/airflow/dags/create_database_tables.py took 0.280 seconds
[2022-11-20T00:15:01.174+0000] {processor.py:154} INFO - Started process (PID=2436) to work on /opt/airflow/dags/create_database_tables.py
[2022-11-20T00:15:01.175+0000] {processor.py:756} INFO - Processing file /opt/airflow/dags/create_database_tables.py for tasks to queue
[2022-11-20T00:15:01.178+0000] {logging_mixin.py:137} INFO - [2022-11-20T00:15:01.178+0000] {dagbag.py:537} INFO - Filling up the DagBag from /opt/airflow/dags/create_database_tables.py
[2022-11-20T00:15:01.334+0000] {processor.py:766} INFO - DAG(s) dict_keys(['Call_Center_ETL_DAG']) retrieved from /opt/airflow/dags/create_database_tables.py
[2022-11-20T00:15:01.432+0000] {logging_mixin.py:137} INFO - [2022-11-20T00:15:01.432+0000] {dag.py:2585} INFO - Sync 1 DAGs
[2022-11-20T00:15:01.495+0000] {logging_mixin.py:137} INFO - [2022-11-20T00:15:01.494+0000] {dag.py:3340} INFO - Setting next_dagrun for Call_Center_ETL_DAG to None, run_after=None
[2022-11-20T00:15:01.563+0000] {processor.py:176} INFO - Processing /opt/airflow/dags/create_database_tables.py took 0.396 seconds
[2022-11-20T00:15:31.846+0000] {processor.py:154} INFO - Started process (PID=2461) to work on /opt/airflow/dags/create_database_tables.py
[2022-11-20T00:15:31.849+0000] {processor.py:756} INFO - Processing file /opt/airflow/dags/create_database_tables.py for tasks to queue
[2022-11-20T00:15:31.857+0000] {logging_mixin.py:137} INFO - [2022-11-20T00:15:31.852+0000] {dagbag.py:537} INFO - Filling up the DagBag from /opt/airflow/dags/create_database_tables.py
[2022-11-20T00:15:32.161+0000] {processor.py:766} INFO - DAG(s) dict_keys(['Call_Center_ETL_DAG']) retrieved from /opt/airflow/dags/create_database_tables.py
[2022-11-20T00:15:32.259+0000] {logging_mixin.py:137} INFO - [2022-11-20T00:15:32.259+0000] {dag.py:2585} INFO - Sync 1 DAGs
[2022-11-20T00:15:32.357+0000] {logging_mixin.py:137} INFO - [2022-11-20T00:15:32.357+0000] {dag.py:3340} INFO - Setting next_dagrun for Call_Center_ETL_DAG to None, run_after=None
[2022-11-20T00:15:32.434+0000] {processor.py:176} INFO - Processing /opt/airflow/dags/create_database_tables.py took 0.592 seconds
[2022-11-20T00:16:02.550+0000] {processor.py:154} INFO - Started process (PID=2481) to work on /opt/airflow/dags/create_database_tables.py
[2022-11-20T00:16:02.554+0000] {processor.py:756} INFO - Processing file /opt/airflow/dags/create_database_tables.py for tasks to queue
[2022-11-20T00:16:02.556+0000] {logging_mixin.py:137} INFO - [2022-11-20T00:16:02.556+0000] {dagbag.py:537} INFO - Filling up the DagBag from /opt/airflow/dags/create_database_tables.py
[2022-11-20T00:16:02.680+0000] {processor.py:766} INFO - DAG(s) dict_keys(['Call_Center_ETL_DAG']) retrieved from /opt/airflow/dags/create_database_tables.py
[2022-11-20T00:16:02.741+0000] {logging_mixin.py:137} INFO - [2022-11-20T00:16:02.741+0000] {dag.py:2585} INFO - Sync 1 DAGs
[2022-11-20T00:16:02.779+0000] {logging_mixin.py:137} INFO - [2022-11-20T00:16:02.778+0000] {dag.py:3340} INFO - Setting next_dagrun for Call_Center_ETL_DAG to None, run_after=None
[2022-11-20T00:16:02.817+0000] {processor.py:176} INFO - Processing /opt/airflow/dags/create_database_tables.py took 0.272 seconds
[2022-11-20T00:16:33.019+0000] {processor.py:154} INFO - Started process (PID=2511) to work on /opt/airflow/dags/create_database_tables.py
[2022-11-20T00:16:33.022+0000] {processor.py:756} INFO - Processing file /opt/airflow/dags/create_database_tables.py for tasks to queue
[2022-11-20T00:16:33.027+0000] {logging_mixin.py:137} INFO - [2022-11-20T00:16:33.026+0000] {dagbag.py:537} INFO - Filling up the DagBag from /opt/airflow/dags/create_database_tables.py
[2022-11-20T00:16:33.214+0000] {processor.py:766} INFO - DAG(s) dict_keys(['Call_Center_ETL_DAG']) retrieved from /opt/airflow/dags/create_database_tables.py
[2022-11-20T00:16:33.275+0000] {logging_mixin.py:137} INFO - [2022-11-20T00:16:33.274+0000] {dag.py:2585} INFO - Sync 1 DAGs
[2022-11-20T00:16:33.321+0000] {logging_mixin.py:137} INFO - [2022-11-20T00:16:33.321+0000] {dag.py:3340} INFO - Setting next_dagrun for Call_Center_ETL_DAG to None, run_after=None
[2022-11-20T00:16:33.359+0000] {processor.py:176} INFO - Processing /opt/airflow/dags/create_database_tables.py took 0.354 seconds
[2022-11-20T00:17:03.725+0000] {processor.py:154} INFO - Started process (PID=2531) to work on /opt/airflow/dags/create_database_tables.py
[2022-11-20T00:17:03.727+0000] {processor.py:756} INFO - Processing file /opt/airflow/dags/create_database_tables.py for tasks to queue
[2022-11-20T00:17:03.730+0000] {logging_mixin.py:137} INFO - [2022-11-20T00:17:03.730+0000] {dagbag.py:537} INFO - Filling up the DagBag from /opt/airflow/dags/create_database_tables.py
[2022-11-20T00:17:03.955+0000] {processor.py:766} INFO - DAG(s) dict_keys(['Call_Center_ETL_DAG']) retrieved from /opt/airflow/dags/create_database_tables.py
[2022-11-20T00:17:04.023+0000] {logging_mixin.py:137} INFO - [2022-11-20T00:17:04.023+0000] {dag.py:2585} INFO - Sync 1 DAGs
[2022-11-20T00:17:04.071+0000] {logging_mixin.py:137} INFO - [2022-11-20T00:17:04.071+0000] {dag.py:3340} INFO - Setting next_dagrun for Call_Center_ETL_DAG to None, run_after=None
[2022-11-20T00:17:04.112+0000] {processor.py:176} INFO - Processing /opt/airflow/dags/create_database_tables.py took 0.400 seconds
[2022-11-20T00:17:34.349+0000] {processor.py:154} INFO - Started process (PID=2559) to work on /opt/airflow/dags/create_database_tables.py
[2022-11-20T00:17:34.351+0000] {processor.py:756} INFO - Processing file /opt/airflow/dags/create_database_tables.py for tasks to queue
[2022-11-20T00:17:34.353+0000] {logging_mixin.py:137} INFO - [2022-11-20T00:17:34.353+0000] {dagbag.py:537} INFO - Filling up the DagBag from /opt/airflow/dags/create_database_tables.py
[2022-11-20T00:17:34.482+0000] {processor.py:766} INFO - DAG(s) dict_keys(['Call_Center_ETL_DAG']) retrieved from /opt/airflow/dags/create_database_tables.py
[2022-11-20T00:17:34.554+0000] {logging_mixin.py:137} INFO - [2022-11-20T00:17:34.554+0000] {dag.py:2585} INFO - Sync 1 DAGs
[2022-11-20T00:17:34.608+0000] {logging_mixin.py:137} INFO - [2022-11-20T00:17:34.608+0000] {dag.py:3340} INFO - Setting next_dagrun for Call_Center_ETL_DAG to None, run_after=None
[2022-11-20T00:17:34.652+0000] {processor.py:176} INFO - Processing /opt/airflow/dags/create_database_tables.py took 0.309 seconds
[2022-11-20T00:18:04.975+0000] {processor.py:154} INFO - Started process (PID=2581) to work on /opt/airflow/dags/create_database_tables.py
[2022-11-20T00:18:04.977+0000] {processor.py:756} INFO - Processing file /opt/airflow/dags/create_database_tables.py for tasks to queue
[2022-11-20T00:18:04.979+0000] {logging_mixin.py:137} INFO - [2022-11-20T00:18:04.979+0000] {dagbag.py:537} INFO - Filling up the DagBag from /opt/airflow/dags/create_database_tables.py
[2022-11-20T00:18:05.235+0000] {processor.py:766} INFO - DAG(s) dict_keys(['Call_Center_ETL_DAG']) retrieved from /opt/airflow/dags/create_database_tables.py
[2022-11-20T00:18:05.377+0000] {logging_mixin.py:137} INFO - [2022-11-20T00:18:05.376+0000] {dag.py:2585} INFO - Sync 1 DAGs
[2022-11-20T00:18:05.472+0000] {logging_mixin.py:137} INFO - [2022-11-20T00:18:05.472+0000] {dag.py:3340} INFO - Setting next_dagrun for Call_Center_ETL_DAG to None, run_after=None
[2022-11-20T00:18:05.548+0000] {processor.py:176} INFO - Processing /opt/airflow/dags/create_database_tables.py took 0.576 seconds
[2022-11-20T00:18:35.850+0000] {processor.py:154} INFO - Started process (PID=2601) to work on /opt/airflow/dags/create_database_tables.py
[2022-11-20T00:18:35.853+0000] {processor.py:756} INFO - Processing file /opt/airflow/dags/create_database_tables.py for tasks to queue
[2022-11-20T00:18:35.857+0000] {logging_mixin.py:137} INFO - [2022-11-20T00:18:35.856+0000] {dagbag.py:537} INFO - Filling up the DagBag from /opt/airflow/dags/create_database_tables.py
[2022-11-20T00:18:36.895+0000] {processor.py:766} INFO - DAG(s) dict_keys(['Call_Center_ETL_DAG']) retrieved from /opt/airflow/dags/create_database_tables.py
[2022-11-20T00:18:37.595+0000] {logging_mixin.py:137} INFO - [2022-11-20T00:18:37.594+0000] {dag.py:2585} INFO - Sync 1 DAGs
[2022-11-20T00:18:37.855+0000] {logging_mixin.py:137} INFO - [2022-11-20T00:18:37.855+0000] {dag.py:3340} INFO - Setting next_dagrun for Call_Center_ETL_DAG to None, run_after=None
[2022-11-20T00:18:37.966+0000] {processor.py:176} INFO - Processing /opt/airflow/dags/create_database_tables.py took 2.132 seconds
[2022-11-20T00:19:08.871+0000] {processor.py:154} INFO - Started process (PID=2620) to work on /opt/airflow/dags/create_database_tables.py
[2022-11-20T00:19:08.874+0000] {processor.py:756} INFO - Processing file /opt/airflow/dags/create_database_tables.py for tasks to queue
[2022-11-20T00:19:08.877+0000] {logging_mixin.py:137} INFO - [2022-11-20T00:19:08.876+0000] {dagbag.py:537} INFO - Filling up the DagBag from /opt/airflow/dags/create_database_tables.py
[2022-11-20T00:19:09.030+0000] {processor.py:766} INFO - DAG(s) dict_keys(['Call_Center_ETL_DAG']) retrieved from /opt/airflow/dags/create_database_tables.py
[2022-11-20T00:19:09.098+0000] {logging_mixin.py:137} INFO - [2022-11-20T00:19:09.098+0000] {dag.py:2585} INFO - Sync 1 DAGs
[2022-11-20T00:19:09.145+0000] {logging_mixin.py:137} INFO - [2022-11-20T00:19:09.145+0000] {dag.py:3340} INFO - Setting next_dagrun for Call_Center_ETL_DAG to None, run_after=None
[2022-11-20T00:19:09.186+0000] {processor.py:176} INFO - Processing /opt/airflow/dags/create_database_tables.py took 0.320 seconds
[2022-11-20T00:19:39.409+0000] {processor.py:154} INFO - Started process (PID=2639) to work on /opt/airflow/dags/create_database_tables.py
[2022-11-20T00:19:39.411+0000] {processor.py:756} INFO - Processing file /opt/airflow/dags/create_database_tables.py for tasks to queue
[2022-11-20T00:19:39.413+0000] {logging_mixin.py:137} INFO - [2022-11-20T00:19:39.413+0000] {dagbag.py:537} INFO - Filling up the DagBag from /opt/airflow/dags/create_database_tables.py
[2022-11-20T00:19:39.545+0000] {processor.py:766} INFO - DAG(s) dict_keys(['Call_Center_ETL_DAG']) retrieved from /opt/airflow/dags/create_database_tables.py
[2022-11-20T00:19:39.601+0000] {logging_mixin.py:137} INFO - [2022-11-20T00:19:39.601+0000] {dag.py:2585} INFO - Sync 1 DAGs
[2022-11-20T00:19:39.653+0000] {logging_mixin.py:137} INFO - [2022-11-20T00:19:39.653+0000] {dag.py:3340} INFO - Setting next_dagrun for Call_Center_ETL_DAG to None, run_after=None
[2022-11-20T00:19:39.693+0000] {processor.py:176} INFO - Processing /opt/airflow/dags/create_database_tables.py took 0.289 seconds
[2022-11-20T00:20:09.932+0000] {processor.py:154} INFO - Started process (PID=2668) to work on /opt/airflow/dags/create_database_tables.py
[2022-11-20T00:20:09.942+0000] {processor.py:756} INFO - Processing file /opt/airflow/dags/create_database_tables.py for tasks to queue
[2022-11-20T00:20:09.944+0000] {logging_mixin.py:137} INFO - [2022-11-20T00:20:09.944+0000] {dagbag.py:537} INFO - Filling up the DagBag from /opt/airflow/dags/create_database_tables.py
[2022-11-20T00:20:10.250+0000] {processor.py:766} INFO - DAG(s) dict_keys(['Call_Center_ETL_DAG']) retrieved from /opt/airflow/dags/create_database_tables.py
[2022-11-20T00:20:10.705+0000] {logging_mixin.py:137} INFO - [2022-11-20T00:20:10.704+0000] {dag.py:2585} INFO - Sync 1 DAGs
[2022-11-20T00:20:10.897+0000] {logging_mixin.py:137} INFO - [2022-11-20T00:20:10.893+0000] {dag.py:3340} INFO - Setting next_dagrun for Call_Center_ETL_DAG to None, run_after=None
[2022-11-20T00:20:10.976+0000] {processor.py:176} INFO - Processing /opt/airflow/dags/create_database_tables.py took 1.052 seconds
[2022-11-20T00:20:41.176+0000] {processor.py:154} INFO - Started process (PID=2691) to work on /opt/airflow/dags/create_database_tables.py
[2022-11-20T00:20:41.179+0000] {processor.py:756} INFO - Processing file /opt/airflow/dags/create_database_tables.py for tasks to queue
[2022-11-20T00:20:41.181+0000] {logging_mixin.py:137} INFO - [2022-11-20T00:20:41.181+0000] {dagbag.py:537} INFO - Filling up the DagBag from /opt/airflow/dags/create_database_tables.py
[2022-11-20T00:20:41.304+0000] {processor.py:766} INFO - DAG(s) dict_keys(['Call_Center_ETL_DAG']) retrieved from /opt/airflow/dags/create_database_tables.py
[2022-11-20T00:20:41.359+0000] {logging_mixin.py:137} INFO - [2022-11-20T00:20:41.359+0000] {dag.py:2585} INFO - Sync 1 DAGs
[2022-11-20T00:20:41.400+0000] {logging_mixin.py:137} INFO - [2022-11-20T00:20:41.400+0000] {dag.py:3340} INFO - Setting next_dagrun for Call_Center_ETL_DAG to None, run_after=None
[2022-11-20T00:20:41.446+0000] {processor.py:176} INFO - Processing /opt/airflow/dags/create_database_tables.py took 0.274 seconds
[2022-11-20T00:21:11.733+0000] {processor.py:154} INFO - Started process (PID=2715) to work on /opt/airflow/dags/create_database_tables.py
[2022-11-20T00:21:11.737+0000] {processor.py:756} INFO - Processing file /opt/airflow/dags/create_database_tables.py for tasks to queue
[2022-11-20T00:21:11.740+0000] {logging_mixin.py:137} INFO - [2022-11-20T00:21:11.740+0000] {dagbag.py:537} INFO - Filling up the DagBag from /opt/airflow/dags/create_database_tables.py
[2022-11-20T00:21:12.018+0000] {processor.py:766} INFO - DAG(s) dict_keys(['Call_Center_ETL_DAG']) retrieved from /opt/airflow/dags/create_database_tables.py
[2022-11-20T00:21:12.116+0000] {logging_mixin.py:137} INFO - [2022-11-20T00:21:12.116+0000] {dag.py:2585} INFO - Sync 1 DAGs
[2022-11-20T00:21:12.251+0000] {logging_mixin.py:137} INFO - [2022-11-20T00:21:12.250+0000] {dag.py:3340} INFO - Setting next_dagrun for Call_Center_ETL_DAG to None, run_after=None
[2022-11-20T00:21:12.349+0000] {processor.py:176} INFO - Processing /opt/airflow/dags/create_database_tables.py took 0.626 seconds
[2022-11-20T00:21:42.637+0000] {processor.py:154} INFO - Started process (PID=2735) to work on /opt/airflow/dags/create_database_tables.py
[2022-11-20T00:21:42.640+0000] {processor.py:756} INFO - Processing file /opt/airflow/dags/create_database_tables.py for tasks to queue
[2022-11-20T00:21:42.643+0000] {logging_mixin.py:137} INFO - [2022-11-20T00:21:42.643+0000] {dagbag.py:537} INFO - Filling up the DagBag from /opt/airflow/dags/create_database_tables.py
[2022-11-20T00:21:42.795+0000] {processor.py:766} INFO - DAG(s) dict_keys(['Call_Center_ETL_DAG']) retrieved from /opt/airflow/dags/create_database_tables.py
[2022-11-20T00:21:42.859+0000] {logging_mixin.py:137} INFO - [2022-11-20T00:21:42.858+0000] {dag.py:2585} INFO - Sync 1 DAGs
[2022-11-20T00:21:42.904+0000] {logging_mixin.py:137} INFO - [2022-11-20T00:21:42.904+0000] {dag.py:3340} INFO - Setting next_dagrun for Call_Center_ETL_DAG to None, run_after=None
[2022-11-20T00:21:42.951+0000] {processor.py:176} INFO - Processing /opt/airflow/dags/create_database_tables.py took 0.318 seconds
