[2022-11-19T00:36:01.204+0000] {taskinstance.py:1165} INFO - Dependencies all met for <TaskInstance: Call_Center_ETL_DAG.Drop_Tables manual__2022-11-19T00:35:55.705142+00:00 [queued]>
[2022-11-19T00:36:01.248+0000] {taskinstance.py:1165} INFO - Dependencies all met for <TaskInstance: Call_Center_ETL_DAG.Drop_Tables manual__2022-11-19T00:35:55.705142+00:00 [queued]>
[2022-11-19T00:36:01.250+0000] {taskinstance.py:1362} INFO - 
--------------------------------------------------------------------------------
[2022-11-19T00:36:01.321+0000] {taskinstance.py:1363} INFO - Starting attempt 1 of 1
[2022-11-19T00:36:01.364+0000] {taskinstance.py:1364} INFO - 
--------------------------------------------------------------------------------
[2022-11-19T00:36:01.486+0000] {taskinstance.py:1383} INFO - Executing <Task(MySqlOperator): Drop_Tables> on 2022-11-19 00:35:55.705142+00:00
[2022-11-19T00:36:01.497+0000] {standard_task_runner.py:55} INFO - Started process 3317 to run task
[2022-11-19T00:36:01.505+0000] {standard_task_runner.py:82} INFO - Running: ['***', 'tasks', 'run', 'Call_Center_ETL_DAG', 'Drop_Tables', 'manual__2022-11-19T00:35:55.705142+00:00', '--job-id', '51', '--raw', '--subdir', 'DAGS_FOLDER/create_database_tables.py', '--cfg-path', '/tmp/tmpwn5ysi2g']
[2022-11-19T00:36:01.516+0000] {standard_task_runner.py:83} INFO - Job 51: Subtask Drop_Tables
[2022-11-19T00:36:01.668+0000] {task_command.py:376} INFO - Running <TaskInstance: Call_Center_ETL_DAG.Drop_Tables manual__2022-11-19T00:35:55.705142+00:00 [running]> on host b6a63ce50866
[2022-11-19T00:36:01.811+0000] {taskinstance.py:1592} INFO - Exporting the following env vars:
AIRFLOW_CTX_DAG_OWNER=Abdelrhman Yassein
AIRFLOW_CTX_DAG_ID=Call_Center_ETL_DAG
AIRFLOW_CTX_TASK_ID=Drop_Tables
AIRFLOW_CTX_EXECUTION_DATE=2022-11-19T00:35:55.705142+00:00
AIRFLOW_CTX_TRY_NUMBER=1
AIRFLOW_CTX_DAG_RUN_ID=manual__2022-11-19T00:35:55.705142+00:00
[2022-11-19T00:36:01.813+0000] {mysql.py:84} INFO - Executing: 
    DROP TABLE IF EXISTS staging_call;
    DROP TABLE IF EXISTS call_info;
    DROP TABLE IF EXISTS call_fact;
    DROP TABLE IF EXISTS customers;
    DROP TABLE IF EXISTS call_time;
    
[2022-11-19T00:36:01.833+0000] {base.py:71} INFO - Using connection ID 'mysql_conn_id' for task execution.
[2022-11-19T00:36:01.878+0000] {sql.py:315} INFO - Running statement: 
    DROP TABLE IF EXISTS staging_call;
    DROP TABLE IF EXISTS call_info;
    DROP TABLE IF EXISTS call_fact;
    DROP TABLE IF EXISTS customers;
    DROP TABLE IF EXISTS call_time;
    , parameters: None
[2022-11-19T00:36:01.977+0000] {sql.py:324} INFO - Rows affected: 0
[2022-11-19T00:36:02.068+0000] {taskinstance.py:1406} INFO - Marking task as SUCCESS. dag_id=Call_Center_ETL_DAG, task_id=Drop_Tables, execution_date=20221119T003555, start_date=20221119T003601, end_date=20221119T003602
[2022-11-19T00:36:02.128+0000] {local_task_job.py:159} INFO - Task exited with return code 0
[2022-11-19T00:36:02.186+0000] {taskinstance.py:2623} INFO - 1 downstream tasks scheduled from follow-on schedule check
